This file contains any messages produced by compilers while
running configure, to aid debugging if configure makes a mistake.

It was created by Flickcurl configure 1.26, which was
generated by GNU Autoconf 2.69.  Invocation command line was

  $ ./configure 

## --------- ##
## Platform. ##
## --------- ##

hostname = Abhijits-MacBook-Air.local
uname -m = x86_64
uname -r = 15.4.0
uname -s = Darwin
uname -v = Darwin Kernel Version 15.4.0: Fri Feb 26 22:08:05 PST 2016; root:xnu-3248.40.184~3/RELEASE_X86_64

/usr/bin/uname -p = i386
/bin/uname -X     = unknown

/bin/arch              = unknown
/usr/bin/arch -k       = unknown
/usr/convex/getsysinfo = unknown
/usr/bin/hostinfo      = Mach kernel version:
	 Darwin Kernel Version 15.4.0: Fri Feb 26 22:08:05 PST 2016; root:xnu-3248.40.184~3/RELEASE_X86_64
Kernel configured for up to 4 processors.
2 processors are physically available.
4 processors are logically available.
Processor type: x86_64h (Intel x86-64h Haswell)
Processors active: 0 1 2 3
Primary memory available: 4.00 gigabytes
Default processor set: 267 tasks, 1334 threads, 4 processors
Load average: 0.91, Mach factor: 3.12
/bin/machine           = unknown
/usr/bin/oslevel       = unknown
/bin/universe          = unknown

PATH: /opt/local/bin
PATH: /opt/local/sbin
PATH: /Users/abhijitapte/scala/sbt/bin
PATH: /usr/local/bin
PATH: /usr/bin
PATH: /bin
PATH: /usr/sbin
PATH: /sbin


## ----------- ##
## Core tests. ##
## ----------- ##

configure:2565: checking for a BSD-compatible install
configure:2633: result: /usr/bin/install -c
configure:2644: checking whether build environment is sane
configure:2694: result: yes
configure:2835: checking for a thread-safe mkdir -p
configure:2874: result: build/install-sh -c -d
configure:2887: checking for gawk
configure:2917: result: no
configure:2887: checking for mawk
configure:2917: result: no
configure:2887: checking for nawk
configure:2917: result: no
configure:2887: checking for awk
configure:2903: found /usr/bin/awk
configure:2914: result: awk
configure:2925: checking whether make sets $(MAKE)
configure:2947: result: yes
configure:3029: checking whether to enable maintainer-specific portions of Makefiles
configure:3038: result: no
configure:3118: checking build system type
configure:3132: result: x86_64-apple-darwin15.4.0
configure:3152: checking host system type
configure:3165: result: x86_64-apple-darwin15.4.0
configure:3185: checking whether build environment is sane
configure:3235: result: yes
configure:3251: checking for style of include used by make
configure:3279: result: GNU
configure:3350: checking for gcc
configure:3366: found /usr/bin/gcc
configure:3377: result: gcc
configure:3606: checking for C compiler version
configure:3615: gcc --version >&5
Apple LLVM version 7.3.0 (clang-703.0.31)
Target: x86_64-apple-darwin15.4.0
Thread model: posix
InstalledDir: /Applications/Xcode.app/Contents/Developer/Toolchains/XcodeDefault.xctoolchain/usr/bin
Configured with: --prefix=/Applications/Xcode.app/Contents/Developer/usr --with-gxx-include-dir=/usr/include/c++/4.2.1
configure:3626: $? = 0
configure:3615: gcc -v >&5
Configured with: --prefix=/Applications/Xcode.app/Contents/Developer/usr --with-gxx-include-dir=/usr/include/c++/4.2.1
Apple LLVM version 7.3.0 (clang-703.0.31)
Target: x86_64-apple-darwin15.4.0
Thread model: posix
InstalledDir: /Applications/Xcode.app/Contents/Developer/Toolchains/XcodeDefault.xctoolchain/usr/bin
configure:3626: $? = 0
configure:3615: gcc -V >&5
clang: error: argument to '-V' is missing (expected 1 value)
clang: error: no input files
configure:3626: $? = 1
configure:3615: gcc -qversion >&5
clang: error: unknown argument: '-qversion'
clang: error: no input files
configure:3626: $? = 1
configure:3646: checking whether the C compiler works
configure:3668: gcc    conftest.c  >&5
configure:3672: $? = 0
configure:3720: result: yes
configure:3723: checking for C compiler default output file name
configure:3725: result: a.out
configure:3731: checking for suffix of executables
configure:3738: gcc -o conftest    conftest.c  >&5
configure:3742: $? = 0
configure:3764: result: 
configure:3786: checking whether we are cross compiling
configure:3794: gcc -o conftest    conftest.c  >&5
configure:3798: $? = 0
configure:3805: ./conftest
configure:3809: $? = 0
configure:3824: result: no
configure:3829: checking for suffix of object files
configure:3851: gcc -c   conftest.c >&5
configure:3855: $? = 0
configure:3876: result: o
configure:3880: checking whether we are using the GNU C compiler
configure:3899: gcc -c   conftest.c >&5
configure:3899: $? = 0
configure:3908: result: yes
configure:3917: checking whether gcc accepts -g
configure:3937: gcc -c -g  conftest.c >&5
configure:3937: $? = 0
configure:3978: result: yes
configure:3995: checking for gcc option to accept ISO C89
configure:4058: gcc  -c -g -O2  conftest.c >&5
configure:4058: $? = 0
configure:4071: result: none needed
configure:4093: checking dependency style of gcc
configure:4204: result: gcc3
configure:4269: checking for ar
configure:4285: found /usr/bin/ar
configure:4296: result: ar
configure:4322: checking the archiver (ar) interface
configure:4332: gcc -c -g -O2  conftest.c >&5
configure:4332: $? = 0
configure:4334: ar cru libconftest.a conftest.o >&5
configure:4337: $? = 0
configure:4360: result: ar
configure:4381: checking whether gcc and cc understand -c and -o together
configure:4412: gcc -c conftest.c -o conftest2.o >&5
configure:4416: $? = 0
configure:4422: gcc -c conftest.c -o conftest2.o >&5
configure:4426: $? = 0
configure:4437: cc -c conftest.c >&5
configure:4441: $? = 0
configure:4449: cc -c conftest.c -o conftest2.o >&5
configure:4453: $? = 0
configure:4459: cc -c conftest.c -o conftest2.o >&5
configure:4463: $? = 0
configure:4481: result: yes
configure:4506: checking whether gcc is clang
configure:4514: result: yes
configure:4563: checking how to print strings
configure:4590: result: printf
configure:4611: checking for a sed that does not truncate output
configure:4675: result: /usr/bin/sed
configure:4693: checking for grep that handles long lines and -e
configure:4751: result: /usr/bin/grep
configure:4756: checking for egrep
configure:4818: result: /usr/bin/grep -E
configure:4823: checking for fgrep
configure:4885: result: /usr/bin/grep -F
configure:4920: checking for ld used by gcc
configure:4987: result: /Applications/Xcode.app/Contents/Developer/Toolchains/XcodeDefault.xctoolchain/usr/bin/ld
configure:4994: checking if the linker (/Applications/Xcode.app/Contents/Developer/Toolchains/XcodeDefault.xctoolchain/usr/bin/ld) is GNU ld
configure:5009: result: no
configure:5021: checking for BSD- or MS-compatible name lister (nm)
configure:5070: result: /usr/bin/nm -B
configure:5200: checking the name lister (/usr/bin/nm -B) interface
configure:5207: gcc -c -g -O2  conftest.c >&5
configure:5210: /usr/bin/nm -B "conftest.o"
configure:5213: output
0000000000000208 S _some_variable
configure:5220: result: BSD nm
configure:5223: checking whether ln -s works
configure:5227: result: yes
configure:5235: checking the maximum length of command line arguments
configure:5365: result: 196608
configure:5382: checking whether the shell understands some XSI constructs
configure:5392: result: yes
configure:5396: checking whether the shell understands "+="
configure:5402: result: yes
configure:5437: checking how to convert x86_64-apple-darwin15.4.0 file names to x86_64-apple-darwin15.4.0 format
configure:5477: result: func_convert_file_noop
configure:5484: checking how to convert x86_64-apple-darwin15.4.0 file names to toolchain format
configure:5504: result: func_convert_file_noop
configure:5511: checking for /Applications/Xcode.app/Contents/Developer/Toolchains/XcodeDefault.xctoolchain/usr/bin/ld option to reload object files
configure:5518: result: -r
configure:5592: checking for objdump
configure:5622: result: no
configure:5651: checking how to recognize dependent libraries
configure:5849: result: pass_all
configure:5934: checking for dlltool
configure:5964: result: no
configure:5994: checking how to associate runtime and link libraries
configure:6021: result: printf %s\n
configure:6145: checking for archiver @FILE support
configure:6162: gcc -c -g -O2  conftest.c >&5
configure:6162: $? = 0
configure:6165: ar cru libconftest.a @conftest.lst >&5
ar: @conftest.lst: No such file or directory
configure:6168: $? = 1
configure:6188: result: no
configure:6246: checking for strip
configure:6262: found /usr/bin/strip
configure:6273: result: strip
configure:6345: checking for ranlib
configure:6361: found /usr/bin/ranlib
configure:6372: result: ranlib
configure:6474: checking command to parse /usr/bin/nm -B output from gcc object
configure:6594: gcc -c -g -O2  conftest.c >&5
configure:6597: $? = 0
configure:6601: /usr/bin/nm -B conftest.o \| sed -n -e 's/^.*[ ]\([BCDEGRST][BCDEGRST]*\)[ ][ ]*\([_A-Za-z][_A-Za-z0-9]*\)$/\1 \2 \2/p' | sed '/ __gnu_lto/d' \> conftest.nm
configure:6604: $? = 0
cannot find nm_test_var in conftest.nm
configure:6594: gcc -c -g -O2  conftest.c >&5
configure:6597: $? = 0
configure:6601: /usr/bin/nm -B conftest.o \| sed -n -e 's/^.*[ ]\([BCDEGRST][BCDEGRST]*\)[ ][ ]*_\([_A-Za-z][_A-Za-z0-9]*\)$/\1 _\2 \2/p' | sed '/ __gnu_lto/d' \> conftest.nm
configure:6604: $? = 0
configure:6670: gcc -o conftest -g -O2   conftest.c conftstm.o >&5
warning: (x86_64)  could not find object file symbol for symbol _main
configure:6673: $? = 0
configure:6711: result: ok
configure:6748: checking for sysroot
configure:6778: result: no
configure:7034: checking for mt
configure:7064: result: no
configure:7084: checking if : is a manifest tool
configure:7090: : '-?'
configure:7098: result: no
configure:7154: checking for dsymutil
configure:7170: found /usr/bin/dsymutil
configure:7181: result: dsymutil
configure:7246: checking for nmedit
configure:7262: found /usr/bin/nmedit
configure:7273: result: nmedit
configure:7338: checking for lipo
configure:7354: found /usr/bin/lipo
configure:7365: result: lipo
configure:7430: checking for otool
configure:7446: found /usr/bin/otool
configure:7457: result: otool
configure:7522: checking for otool64
configure:7552: result: no
configure:7597: checking for -single_module linker flag
gcc -g -O2  -o libconftest.dylib -dynamiclib -Wl,-single_module conftest.c
configure:7630: result: yes
configure:7633: checking for -exported_symbols_list linker flag
configure:7653: gcc -o conftest -g -O2   -Wl,-exported_symbols_list,conftest.sym conftest.c  >&5
configure:7653: $? = 0
configure:7663: result: yes
configure:7666: checking for -force_load linker flag
gcc -g -O2 -c -o conftest.o conftest.c
ar cru libconftest.a conftest.o
ranlib libconftest.a
gcc -g -O2  -o conftest conftest.c -Wl,-force_load,./libconftest.a
configure:7698: result: yes
configure:7740: checking how to run the C preprocessor
configure:7771: gcc -E  conftest.c
configure:7771: $? = 0
configure:7785: gcc -E  conftest.c
conftest.c:12:10: fatal error: 'ac_nonexistent.h' file not found
#include <ac_nonexistent.h>
         ^
1 error generated.
configure:7785: $? = 1
configure: failed program was:
| /* confdefs.h */
| #define PACKAGE_NAME "Flickcurl"
| #define PACKAGE_TARNAME "flickcurl"
| #define PACKAGE_VERSION "1.26"
| #define PACKAGE_STRING "Flickcurl 1.26"
| #define PACKAGE_BUGREPORT "http://bugs.librdf.org/"
| #define PACKAGE_URL ""
| #define PACKAGE "flickcurl"
| #define VERSION "1.26"
| #define FLICKCURL_VERSION_DECIMAL 12600
| /* end confdefs.h.  */
| #include <ac_nonexistent.h>
configure:7810: result: gcc -E
configure:7830: gcc -E  conftest.c
configure:7830: $? = 0
configure:7844: gcc -E  conftest.c
conftest.c:12:10: fatal error: 'ac_nonexistent.h' file not found
#include <ac_nonexistent.h>
         ^
1 error generated.
configure:7844: $? = 1
configure: failed program was:
| /* confdefs.h */
| #define PACKAGE_NAME "Flickcurl"
| #define PACKAGE_TARNAME "flickcurl"
| #define PACKAGE_VERSION "1.26"
| #define PACKAGE_STRING "Flickcurl 1.26"
| #define PACKAGE_BUGREPORT "http://bugs.librdf.org/"
| #define PACKAGE_URL ""
| #define PACKAGE "flickcurl"
| #define VERSION "1.26"
| #define FLICKCURL_VERSION_DECIMAL 12600
| /* end confdefs.h.  */
| #include <ac_nonexistent.h>
configure:7873: checking for ANSI C header files
configure:7893: gcc -c -g -O2  conftest.c >&5
configure:7893: $? = 0
configure:7966: gcc -o conftest -g -O2   conftest.c  >&5
configure:7966: $? = 0
configure:7966: ./conftest
configure:7966: $? = 0
configure:7977: result: yes
configure:7990: checking for sys/types.h
configure:7990: gcc -c -g -O2  conftest.c >&5
configure:7990: $? = 0
configure:7990: result: yes
configure:7990: checking for sys/stat.h
configure:7990: gcc -c -g -O2  conftest.c >&5
configure:7990: $? = 0
configure:7990: result: yes
configure:7990: checking for stdlib.h
configure:7990: gcc -c -g -O2  conftest.c >&5
configure:7990: $? = 0
configure:7990: result: yes
configure:7990: checking for string.h
configure:7990: gcc -c -g -O2  conftest.c >&5
configure:7990: $? = 0
configure:7990: result: yes
configure:7990: checking for memory.h
configure:7990: gcc -c -g -O2  conftest.c >&5
configure:7990: $? = 0
configure:7990: result: yes
configure:7990: checking for strings.h
configure:7990: gcc -c -g -O2  conftest.c >&5
configure:7990: $? = 0
configure:7990: result: yes
configure:7990: checking for inttypes.h
configure:7990: gcc -c -g -O2  conftest.c >&5
configure:7990: $? = 0
configure:7990: result: yes
configure:7990: checking for stdint.h
configure:7990: gcc -c -g -O2  conftest.c >&5
configure:7990: $? = 0
configure:7990: result: yes
configure:7990: checking for unistd.h
configure:7990: gcc -c -g -O2  conftest.c >&5
configure:7990: $? = 0
configure:7990: result: yes
configure:8004: checking for dlfcn.h
configure:8004: gcc -c -g -O2  conftest.c >&5
configure:8004: $? = 0
configure:8004: result: yes
configure:8210: checking for objdir
configure:8225: result: .libs
configure:8496: checking if gcc supports -fno-rtti -fno-exceptions
configure:8514: gcc -c -g -O2  -fno-rtti -fno-exceptions conftest.c >&5
configure:8518: $? = 0
configure:8531: result: yes
configure:8858: checking for gcc option to produce PIC
configure:8865: result: -fno-common -DPIC
configure:8873: checking if gcc PIC flag -fno-common -DPIC works
configure:8891: gcc -c -g -O2  -fno-common -DPIC -DPIC conftest.c >&5
configure:8895: $? = 0
configure:8908: result: yes
configure:8937: checking if gcc static flag -static works
configure:8965: result: no
configure:8980: checking if gcc supports -c -o file.o
configure:9001: gcc -c -g -O2  -o out/conftest2.o conftest.c >&5
configure:9005: $? = 0
configure:9027: result: yes
configure:9035: checking if gcc supports -c -o file.o
configure:9082: result: yes
configure:9115: checking whether the gcc linker (/Applications/Xcode.app/Contents/Developer/Toolchains/XcodeDefault.xctoolchain/usr/bin/ld) supports shared libraries
configure:10272: result: yes
configure:10512: checking dynamic linker characteristics
configure:11246: result: darwin15.4.0 dyld
configure:11353: checking how to hardcode library paths into programs
configure:11378: result: immediate
configure:11918: checking whether stripping libraries is possible
configure:11932: result: yes
configure:11958: checking if libtool supports shared libraries
configure:11960: result: yes
configure:11963: checking whether to build shared libraries
configure:11984: result: yes
configure:11987: checking whether to build static libraries
configure:11991: result: yes
configure:12036: checking for ANSI C header files
configure:12140: result: yes
configure:12151: checking errno.h usability
configure:12151: gcc -c -g -O2  conftest.c >&5
configure:12151: $? = 0
configure:12151: result: yes
configure:12151: checking errno.h presence
configure:12151: gcc -E  conftest.c
configure:12151: $? = 0
configure:12151: result: yes
configure:12151: checking for errno.h
configure:12151: result: yes
configure:12151: checking getopt.h usability
configure:12151: gcc -c -g -O2  conftest.c >&5
configure:12151: $? = 0
configure:12151: result: yes
configure:12151: checking getopt.h presence
configure:12151: gcc -E  conftest.c
configure:12151: $? = 0
configure:12151: result: yes
configure:12151: checking for getopt.h
configure:12151: result: yes
configure:12151: checking for stdlib.h
configure:12151: result: yes
configure:12151: checking for stdint.h
configure:12151: result: yes
configure:12151: checking time.h usability
configure:12151: gcc -c -g -O2  conftest.c >&5
configure:12151: $? = 0
configure:12151: result: yes
configure:12151: checking time.h presence
configure:12151: gcc -E  conftest.c
configure:12151: $? = 0
configure:12151: result: yes
configure:12151: checking for time.h
configure:12151: result: yes
configure:12151: checking for string.h
configure:12151: result: yes
configure:12151: checking for unistd.h
configure:12151: result: yes
configure:12161: checking whether time.h and sys/time.h may both be included
configure:12181: gcc -c -g -O2  conftest.c >&5
configure:12181: $? = 0
configure:12188: result: yes
configure:12198: checking for an ANSI C-conforming const
configure:12264: gcc -c -g -O2  conftest.c >&5
configure:12264: $? = 0
configure:12271: result: yes
configure:12279: checking for size_t
configure:12279: gcc -c -g -O2  conftest.c >&5
configure:12279: $? = 0
configure:12279: gcc -c -g -O2  conftest.c >&5
conftest.c:69:21: error: expected expression
if (sizeof ((size_t)))
                    ^
1 error generated.
configure:12279: $? = 1
configure: failed program was:
| /* confdefs.h */
| #define PACKAGE_NAME "Flickcurl"
| #define PACKAGE_TARNAME "flickcurl"
| #define PACKAGE_VERSION "1.26"
| #define PACKAGE_STRING "Flickcurl 1.26"
| #define PACKAGE_BUGREPORT "http://bugs.librdf.org/"
| #define PACKAGE_URL ""
| #define PACKAGE "flickcurl"
| #define VERSION "1.26"
| #define FLICKCURL_VERSION_DECIMAL 12600
| #define STDC_HEADERS 1
| #define HAVE_SYS_TYPES_H 1
| #define HAVE_SYS_STAT_H 1
| #define HAVE_STDLIB_H 1
| #define HAVE_STRING_H 1
| #define HAVE_MEMORY_H 1
| #define HAVE_STRINGS_H 1
| #define HAVE_INTTYPES_H 1
| #define HAVE_STDINT_H 1
| #define HAVE_UNISTD_H 1
| #define HAVE_DLFCN_H 1
| #define LT_OBJDIR ".libs/"
| #define STDC_HEADERS 1
| #define HAVE_ERRNO_H 1
| #define HAVE_GETOPT_H 1
| #define HAVE_STDLIB_H 1
| #define HAVE_STDINT_H 1
| #define HAVE_TIME_H 1
| #define HAVE_STRING_H 1
| #define HAVE_UNISTD_H 1
| #define TIME_WITH_SYS_TIME 1
| /* end confdefs.h.  */
| #include <stdio.h>
| #ifdef HAVE_SYS_TYPES_H
| # include <sys/types.h>
| #endif
| #ifdef HAVE_SYS_STAT_H
| # include <sys/stat.h>
| #endif
| #ifdef STDC_HEADERS
| # include <stdlib.h>
| # include <stddef.h>
| #else
| # ifdef HAVE_STDLIB_H
| #  include <stdlib.h>
| # endif
| #endif
| #ifdef HAVE_STRING_H
| # if !defined STDC_HEADERS && defined HAVE_MEMORY_H
| #  include <memory.h>
| # endif
| # include <string.h>
| #endif
| #ifdef HAVE_STRINGS_H
| # include <strings.h>
| #endif
| #ifdef HAVE_INTTYPES_H
| # include <inttypes.h>
| #endif
| #ifdef HAVE_STDINT_H
| # include <stdint.h>
| #endif
| #ifdef HAVE_UNISTD_H
| # include <unistd.h>
| #endif
| int
| main ()
| {
| if (sizeof ((size_t)))
| 	    return 0;
|   ;
|   return 0;
| }
configure:12279: result: yes
configure:12290: checking whether struct tm is in sys/time.h or time.h
configure:12310: gcc -c -g -O2  conftest.c >&5
configure:12310: $? = 0
configure:12317: result: time.h
configure:12325: checking whether byte ordering is bigendian
configure:12340: gcc -c -g -O2  conftest.c >&5
configure:12340: $? = 0
configure:12385: gcc -c -g -O2  conftest.c >&5
configure:12385: $? = 0
configure:12403: gcc -c -g -O2  conftest.c >&5
conftest.c:40:4: error: use of undeclared identifier 'not'
                 not big endian
                 ^
1 error generated.
configure:12403: $? = 1
configure: failed program was:
| /* confdefs.h */
| #define PACKAGE_NAME "Flickcurl"
| #define PACKAGE_TARNAME "flickcurl"
| #define PACKAGE_VERSION "1.26"
| #define PACKAGE_STRING "Flickcurl 1.26"
| #define PACKAGE_BUGREPORT "http://bugs.librdf.org/"
| #define PACKAGE_URL ""
| #define PACKAGE "flickcurl"
| #define VERSION "1.26"
| #define FLICKCURL_VERSION_DECIMAL 12600
| #define STDC_HEADERS 1
| #define HAVE_SYS_TYPES_H 1
| #define HAVE_SYS_STAT_H 1
| #define HAVE_STDLIB_H 1
| #define HAVE_STRING_H 1
| #define HAVE_MEMORY_H 1
| #define HAVE_STRINGS_H 1
| #define HAVE_INTTYPES_H 1
| #define HAVE_STDINT_H 1
| #define HAVE_UNISTD_H 1
| #define HAVE_DLFCN_H 1
| #define LT_OBJDIR ".libs/"
| #define STDC_HEADERS 1
| #define HAVE_ERRNO_H 1
| #define HAVE_GETOPT_H 1
| #define HAVE_STDLIB_H 1
| #define HAVE_STDINT_H 1
| #define HAVE_TIME_H 1
| #define HAVE_STRING_H 1
| #define HAVE_UNISTD_H 1
| #define TIME_WITH_SYS_TIME 1
| /* end confdefs.h.  */
| #include <sys/types.h>
| 		#include <sys/param.h>
| 
| int
| main ()
| {
| #if BYTE_ORDER != BIG_ENDIAN
| 		 not big endian
| 		#endif
| 
|   ;
|   return 0;
| }
configure:12531: result: no
configure:12550: checking for u32
configure:12550: gcc -c -g -O2  conftest.c >&5
conftest.c:69:13: error: use of undeclared identifier 'u32'
if (sizeof (u32))
            ^
1 error generated.
configure:12550: $? = 1
configure: failed program was:
| /* confdefs.h */
| #define PACKAGE_NAME "Flickcurl"
| #define PACKAGE_TARNAME "flickcurl"
| #define PACKAGE_VERSION "1.26"
| #define PACKAGE_STRING "Flickcurl 1.26"
| #define PACKAGE_BUGREPORT "http://bugs.librdf.org/"
| #define PACKAGE_URL ""
| #define PACKAGE "flickcurl"
| #define VERSION "1.26"
| #define FLICKCURL_VERSION_DECIMAL 12600
| #define STDC_HEADERS 1
| #define HAVE_SYS_TYPES_H 1
| #define HAVE_SYS_STAT_H 1
| #define HAVE_STDLIB_H 1
| #define HAVE_STRING_H 1
| #define HAVE_MEMORY_H 1
| #define HAVE_STRINGS_H 1
| #define HAVE_INTTYPES_H 1
| #define HAVE_STDINT_H 1
| #define HAVE_UNISTD_H 1
| #define HAVE_DLFCN_H 1
| #define LT_OBJDIR ".libs/"
| #define STDC_HEADERS 1
| #define HAVE_ERRNO_H 1
| #define HAVE_GETOPT_H 1
| #define HAVE_STDLIB_H 1
| #define HAVE_STDINT_H 1
| #define HAVE_TIME_H 1
| #define HAVE_STRING_H 1
| #define HAVE_UNISTD_H 1
| #define TIME_WITH_SYS_TIME 1
| /* end confdefs.h.  */
| #include <stdio.h>
| #ifdef HAVE_SYS_TYPES_H
| # include <sys/types.h>
| #endif
| #ifdef HAVE_SYS_STAT_H
| # include <sys/stat.h>
| #endif
| #ifdef STDC_HEADERS
| # include <stdlib.h>
| # include <stddef.h>
| #else
| # ifdef HAVE_STDLIB_H
| #  include <stdlib.h>
| # endif
| #endif
| #ifdef HAVE_STRING_H
| # if !defined STDC_HEADERS && defined HAVE_MEMORY_H
| #  include <memory.h>
| # endif
| # include <string.h>
| #endif
| #ifdef HAVE_STRINGS_H
| # include <strings.h>
| #endif
| #ifdef HAVE_INTTYPES_H
| # include <inttypes.h>
| #endif
| #ifdef HAVE_STDINT_H
| # include <stdint.h>
| #endif
| #ifdef HAVE_UNISTD_H
| # include <unistd.h>
| #endif
| int
| main ()
| {
| if (sizeof (u32))
| 	 return 0;
|   ;
|   return 0;
| }
configure:12550: result: no
configure:12559: checking size of unsigned int
configure:12564: gcc -o conftest -g -O2   conftest.c  >&5
configure:12564: $? = 0
configure:12564: ./conftest
configure:12564: $? = 0
configure:12578: result: 4
configure:12592: checking size of unsigned long
configure:12597: gcc -o conftest -g -O2   conftest.c  >&5
configure:12597: $? = 0
configure:12597: ./conftest
configure:12597: $? = 0
configure:12611: result: 8
configure:12625: checking for stdlib.h
configure:12625: result: yes
configure:12635: checking for GNU libc compatible malloc
configure:12659: gcc -o conftest -g -O2   conftest.c  >&5
configure:12659: $? = 0
configure:12659: ./conftest
configure:12659: $? = 0
configure:12669: result: yes
configure:12692: checking for stdlib.h
configure:12692: result: yes
configure:12702: checking for GNU libc compatible realloc
configure:12726: gcc -o conftest -g -O2   conftest.c  >&5
configure:12726: $? = 0
configure:12726: ./conftest
configure:12726: $? = 0
configure:12736: result: yes
configure:12759: checking for strftime
configure:12759: gcc -o conftest -g -O2   conftest.c  >&5
configure:12759: $? = 0
configure:12759: result: yes
configure:12814: checking for vprintf
configure:12814: gcc -o conftest -g -O2   conftest.c  >&5
conftest.c:63:6: warning: incompatible redeclaration of library function 'vprintf' [-Wincompatible-library-redeclaration]
char vprintf ();
     ^
conftest.c:63:6: note: 'vprintf' is a builtin with type 'int (const char *, struct __va_list_tag *)'
1 warning generated.
configure:12814: $? = 0
configure:12814: result: yes
configure:12820: checking for _doprnt
configure:12820: gcc -o conftest -g -O2   conftest.c  >&5
Undefined symbols for architecture x86_64:
  "__doprnt", referenced from:
      _main in conftest-118339.o
ld: symbol(s) not found for architecture x86_64
clang: error: linker command failed with exit code 1 (use -v to see invocation)
configure:12820: $? = 1
configure: failed program was:
| /* confdefs.h */
| #define PACKAGE_NAME "Flickcurl"
| #define PACKAGE_TARNAME "flickcurl"
| #define PACKAGE_VERSION "1.26"
| #define PACKAGE_STRING "Flickcurl 1.26"
| #define PACKAGE_BUGREPORT "http://bugs.librdf.org/"
| #define PACKAGE_URL ""
| #define PACKAGE "flickcurl"
| #define VERSION "1.26"
| #define FLICKCURL_VERSION_DECIMAL 12600
| #define STDC_HEADERS 1
| #define HAVE_SYS_TYPES_H 1
| #define HAVE_SYS_STAT_H 1
| #define HAVE_STDLIB_H 1
| #define HAVE_STRING_H 1
| #define HAVE_MEMORY_H 1
| #define HAVE_STRINGS_H 1
| #define HAVE_INTTYPES_H 1
| #define HAVE_STDINT_H 1
| #define HAVE_UNISTD_H 1
| #define HAVE_DLFCN_H 1
| #define LT_OBJDIR ".libs/"
| #define STDC_HEADERS 1
| #define HAVE_ERRNO_H 1
| #define HAVE_GETOPT_H 1
| #define HAVE_STDLIB_H 1
| #define HAVE_STDINT_H 1
| #define HAVE_TIME_H 1
| #define HAVE_STRING_H 1
| #define HAVE_UNISTD_H 1
| #define TIME_WITH_SYS_TIME 1
| #define SIZEOF_UNSIGNED_INT 4
| #define SIZEOF_UNSIGNED_LONG 8
| #define HAVE_STDLIB_H 1
| #define HAVE_MALLOC 1
| #define HAVE_STDLIB_H 1
| #define HAVE_REALLOC 1
| #define HAVE_STRFTIME 1
| #define HAVE_VPRINTF 1
| /* end confdefs.h.  */
| /* Define _doprnt to an innocuous variant, in case <limits.h> declares _doprnt.
|    For example, HP-UX 11i <limits.h> declares gettimeofday.  */
| #define _doprnt innocuous__doprnt
| 
| /* System header to define __stub macros and hopefully few prototypes,
|     which can conflict with char _doprnt (); below.
|     Prefer <limits.h> to <assert.h> if __STDC__ is defined, since
|     <limits.h> exists even on freestanding compilers.  */
| 
| #ifdef __STDC__
| # include <limits.h>
| #else
| # include <assert.h>
| #endif
| 
| #undef _doprnt
| 
| /* Override any GCC internal prototype to avoid an error.
|    Use char because int might match the return type of a GCC
|    builtin and then its argument prototype would still apply.  */
| #ifdef __cplusplus
| extern "C"
| #endif
| char _doprnt ();
| /* The GNU C library defines this for functions which it implements
|     to always fail with ENOSYS.  Some functions are actually named
|     something starting with __ and the normal name is an alias.  */
| #if defined __stub__doprnt || defined __stub____doprnt
| choke me
| #endif
| 
| int
| main ()
| {
| return _doprnt ();
|   ;
|   return 0;
| }
configure:12820: result: no
configure:12834: checking for getopt
configure:12834: gcc -o conftest -g -O2   conftest.c  >&5
configure:12834: $? = 0
configure:12834: result: yes
configure:12834: checking for getopt_long
configure:12834: gcc -o conftest -g -O2   conftest.c  >&5
configure:12834: $? = 0
configure:12834: result: yes
configure:12834: checking for gettimeofday
configure:12834: gcc -o conftest -g -O2   conftest.c  >&5
configure:12834: $? = 0
configure:12834: result: yes
configure:12834: checking for memset
configure:12834: gcc -o conftest -g -O2   conftest.c  >&5
conftest.c:67:6: warning: incompatible redeclaration of library function 'memset' [-Wincompatible-library-redeclaration]
char memset ();
     ^
conftest.c:67:6: note: 'memset' is a builtin with type 'void *(void *, int, unsigned long)'
1 warning generated.
configure:12834: $? = 0
configure:12834: result: yes
configure:12834: checking for strdup
configure:12834: gcc -o conftest -g -O2   conftest.c  >&5
conftest.c:68:6: warning: incompatible redeclaration of library function 'strdup' [-Wincompatible-library-redeclaration]
char strdup ();
     ^
conftest.c:68:6: note: 'strdup' is a builtin with type 'char *(const char *)'
1 warning generated.
configure:12834: $? = 0
configure:12834: result: yes
configure:12834: checking for usleep
configure:12834: gcc -o conftest -g -O2   conftest.c  >&5
configure:12834: $? = 0
configure:12834: result: yes
configure:12834: checking for vsnprintf
configure:12834: gcc -o conftest -g -O2   conftest.c  >&5
conftest.c:70:6: warning: incompatible redeclaration of library function 'vsnprintf' [-Wincompatible-library-redeclaration]
char vsnprintf ();
     ^
conftest.c:70:6: note: 'vsnprintf' is a builtin with type 'int (char *, unsigned long, const char *, struct __va_list_tag *)'
1 warning generated.
configure:12834: $? = 0
configure:12834: result: yes
configure:12843: checking for library containing nanosleep
configure:12874: gcc -o conftest -g -O2   conftest.c  >&5
configure:12874: $? = 0
configure:12891: result: none required
configure:12914: checking whether need to declare optind
configure:12930: gcc -o conftest -g -O2   conftest.c  >&5
configure:12930: $? = 0
configure:12931: result: no
configure:12944: checking vsnprintf has C99 compatible return value
configure:12967: gcc -o conftest -g -O2   conftest.c  >&5
conftest.c:55:7: warning: implicitly declaring library function 'vsnprintf' with type 'int (char *, unsigned long, const char *, struct __va_list_tag *)' [-Wimplicit-function-declaration]
  r = vsnprintf(buffer, 5, s, args);
      ^
conftest.c:55:7: note: include the header <stdio.h> or explicitly provide a declaration for 'vsnprintf'
conftest.c:61:5: error: second parameter of 'main' (argument array) must be of type 'char **'
int main(int argc, char* argv) {
    ^
1 warning and 1 error generated.
configure:12967: $? = 1
configure: program exited with status 1
configure: failed program was:
| /* confdefs.h */
| #define PACKAGE_NAME "Flickcurl"
| #define PACKAGE_TARNAME "flickcurl"
| #define PACKAGE_VERSION "1.26"
| #define PACKAGE_STRING "Flickcurl 1.26"
| #define PACKAGE_BUGREPORT "http://bugs.librdf.org/"
| #define PACKAGE_URL ""
| #define PACKAGE "flickcurl"
| #define VERSION "1.26"
| #define FLICKCURL_VERSION_DECIMAL 12600
| #define STDC_HEADERS 1
| #define HAVE_SYS_TYPES_H 1
| #define HAVE_SYS_STAT_H 1
| #define HAVE_STDLIB_H 1
| #define HAVE_STRING_H 1
| #define HAVE_MEMORY_H 1
| #define HAVE_STRINGS_H 1
| #define HAVE_INTTYPES_H 1
| #define HAVE_STDINT_H 1
| #define HAVE_UNISTD_H 1
| #define HAVE_DLFCN_H 1
| #define LT_OBJDIR ".libs/"
| #define STDC_HEADERS 1
| #define HAVE_ERRNO_H 1
| #define HAVE_GETOPT_H 1
| #define HAVE_STDLIB_H 1
| #define HAVE_STDINT_H 1
| #define HAVE_TIME_H 1
| #define HAVE_STRING_H 1
| #define HAVE_UNISTD_H 1
| #define TIME_WITH_SYS_TIME 1
| #define SIZEOF_UNSIGNED_INT 4
| #define SIZEOF_UNSIGNED_LONG 8
| #define HAVE_STDLIB_H 1
| #define HAVE_MALLOC 1
| #define HAVE_STDLIB_H 1
| #define HAVE_REALLOC 1
| #define HAVE_STRFTIME 1
| #define HAVE_VPRINTF 1
| #define HAVE_GETOPT 1
| #define HAVE_GETOPT_LONG 1
| #define HAVE_GETTIMEOFDAY 1
| #define HAVE_MEMSET 1
| #define HAVE_STRDUP 1
| #define HAVE_USLEEP 1
| #define HAVE_VSNPRINTF 1
| #define HAVE_NANOSLEEP 1
| /* end confdefs.h.  */
| #include <stdarg.h>
| int is_c99(char *s, ...) {
|   char buffer[32];
|   va_list args;
|   int r;
|   va_start(args, s);
|   r = vsnprintf(buffer, 5, s, args);
|   va_end(args);
| 
|   return (r == 7);
| }
| 
| int main(int argc, char* argv) {
|   return is_c99("1234567");
| }
configure:12974: result: yes
configure:12988: checking for echo
configure:13004: found /bin/echo
configure:13015: result: echo
configure:13046: checking for pkg-config
configure:13062: found /opt/local/bin/pkg-config
configure:13073: result: pkg-config
configure:13120: checking for xml2-config
configure:13136: found /opt/local/bin/xml2-config
configure:13147: result: xml2-config
configure:13168: checking for xmlCreatePushParserCtxt
configure:13168: gcc -o conftest -g -O2 -I/opt/local/include/libxml2   conftest.c  -L/opt/local/lib -lxml2 -lz -lpthread -liconv -lm >&5
configure:13168: $? = 0
configure:13168: result: yes
configure:13176: checking for libxml via xml2-config
configure:13195: result: yes - 2.9.2 via xml2-config
configure:13251: checking for curl-config
configure:13267: found /usr/bin/curl-config
configure:13278: result: curl-config
configure:13299: checking curl/curl.h usability
configure:13299: gcc -c -I/opt/local/include/libxml2 -g -O2   conftest.c >&5
configure:13299: $? = 0
configure:13299: result: yes
configure:13299: checking curl/curl.h presence
configure:13299: gcc -E   conftest.c
configure:13299: $? = 0
configure:13299: result: yes
configure:13299: checking for curl/curl.h
configure:13299: result: yes
configure:13305: checking for curl_easy_init
configure:13305: gcc -o conftest -I/opt/local/include/libxml2 -g -O2    conftest.c  -L/opt/local/lib -lxml2 -lz -lpthread -liconv -lm -lcurl >&5
configure:13305: $? = 0
configure:13305: result: yes
configure:13313: checking for libcurl via curl-config
configure:13332: result: yes - 7.43.0 via curl-config
configure:13402: checking whether to use Raptor
configure:13423: result: no
configure:13434: checking using offline mode
configure:13436: result: no
configure:13460: checking capturing web service responses
configure:13462: result: no
configure:13560: checking whether make supports nested variables
configure:13577: result: yes
configure:13649: checking for pkg-config
configure:13667: found /opt/local/bin/pkg-config
configure:13679: result: /opt/local/bin/pkg-config
configure:13704: checking pkg-config is at least version 0.9.0
configure:13707: result: yes
configure:13720: checking for gtkdoc-check
configure:13753: result: no
configure:13762: checking for gtkdoc-rebase
configure:13795: result: no
configure:13806: checking for gtkdoc-mkpdf
configure:13839: result: no
configure:13970: checking whether to build gtk-doc documentation
configure:13972: result: no
configure:14204: creating ./config.status

## ---------------------- ##
## Running config.status. ##
## ---------------------- ##

This file was extended by Flickcurl config.status 1.26, which was
generated by GNU Autoconf 2.69.  Invocation command line was

  CONFIG_FILES    = 
  CONFIG_HEADERS  = 
  CONFIG_LINKS    = 
  CONFIG_COMMANDS = 
  $ ./config.status 

on Abhijits-MacBook-Air.local

config.status:1156: creating Makefile
config.status:1156: creating libmtwist/Makefile
config.status:1156: creating getopt/Makefile
config.status:1156: creating src/Makefile
config.status:1156: creating utils/Makefile
config.status:1156: creating examples/Makefile
config.status:1156: creating docs/Makefile
config.status:1156: creating docs/version.xml
config.status:1156: creating flickcurl.spec
config.status:1156: creating flickcurl.rdf
config.status:1156: creating flickcurl.pc
config.status:1156: creating flickcurl-config
config.status:1156: creating src/config.h
config.status:1385: executing depfiles commands
config.status:1385: executing libtool commands
configure:16448: result:
Flickcurl build summary:
  libxml  2.9.2 via xml2-config
  curl    7.43.0 via curl-config
  raptor  


## ---------------- ##
## Cache variables. ##
## ---------------- ##

ac_cv_build=x86_64-apple-darwin15.4.0
ac_cv_c_bigendian=no
ac_cv_c_compiler_gnu=yes
ac_cv_c_const=yes
ac_cv_env_CC_set=
ac_cv_env_CC_value=
ac_cv_env_CFLAGS_set=
ac_cv_env_CFLAGS_value=
ac_cv_env_CPPFLAGS_set=
ac_cv_env_CPPFLAGS_value=
ac_cv_env_CPP_set=
ac_cv_env_CPP_value=
ac_cv_env_GTKDOC_DEPS_CFLAGS_set=
ac_cv_env_GTKDOC_DEPS_CFLAGS_value=
ac_cv_env_GTKDOC_DEPS_LIBS_set=
ac_cv_env_GTKDOC_DEPS_LIBS_value=
ac_cv_env_LDFLAGS_set=
ac_cv_env_LDFLAGS_value=
ac_cv_env_LIBS_set=
ac_cv_env_LIBS_value=
ac_cv_env_PKG_CONFIG_LIBDIR_set=
ac_cv_env_PKG_CONFIG_LIBDIR_value=
ac_cv_env_PKG_CONFIG_PATH_set=
ac_cv_env_PKG_CONFIG_PATH_value=
ac_cv_env_PKG_CONFIG_set=
ac_cv_env_PKG_CONFIG_value=
ac_cv_env_build_alias_set=
ac_cv_env_build_alias_value=
ac_cv_env_host_alias_set=
ac_cv_env_host_alias_value=
ac_cv_env_target_alias_set=
ac_cv_env_target_alias_value=
ac_cv_func__doprnt=no
ac_cv_func_curl_easy_init=yes
ac_cv_func_getopt=yes
ac_cv_func_getopt_long=yes
ac_cv_func_gettimeofday=yes
ac_cv_func_malloc_0_nonnull=yes
ac_cv_func_memset=yes
ac_cv_func_realloc_0_nonnull=yes
ac_cv_func_strdup=yes
ac_cv_func_strftime=yes
ac_cv_func_usleep=yes
ac_cv_func_vprintf=yes
ac_cv_func_vsnprintf=yes
ac_cv_func_xmlCreatePushParserCtxt=yes
ac_cv_header_curl_curl_h=yes
ac_cv_header_dlfcn_h=yes
ac_cv_header_errno_h=yes
ac_cv_header_getopt_h=yes
ac_cv_header_inttypes_h=yes
ac_cv_header_memory_h=yes
ac_cv_header_stdc=yes
ac_cv_header_stdint_h=yes
ac_cv_header_stdlib_h=yes
ac_cv_header_string_h=yes
ac_cv_header_strings_h=yes
ac_cv_header_sys_stat_h=yes
ac_cv_header_sys_types_h=yes
ac_cv_header_time=yes
ac_cv_header_time_h=yes
ac_cv_header_unistd_h=yes
ac_cv_host=x86_64-apple-darwin15.4.0
ac_cv_objext=o
ac_cv_path_EGREP='/usr/bin/grep -E'
ac_cv_path_FGREP='/usr/bin/grep -F'
ac_cv_path_GREP=/usr/bin/grep
ac_cv_path_SED=/usr/bin/sed
ac_cv_path_ac_pt_PKG_CONFIG=/opt/local/bin/pkg-config
ac_cv_path_install='/usr/bin/install -c'
ac_cv_prog_AWK=awk
ac_cv_prog_CPP='gcc -E'
ac_cv_prog_CURL_CONFIG=curl-config
ac_cv_prog_PKG_CONFIG=pkg-config
ac_cv_prog_RECHO=echo
ac_cv_prog_XML_CONFIG=xml2-config
ac_cv_prog_ac_ct_AR=ar
ac_cv_prog_ac_ct_CC=gcc
ac_cv_prog_ac_ct_DSYMUTIL=dsymutil
ac_cv_prog_ac_ct_LIPO=lipo
ac_cv_prog_ac_ct_NMEDIT=nmedit
ac_cv_prog_ac_ct_OTOOL=otool
ac_cv_prog_ac_ct_RANLIB=ranlib
ac_cv_prog_ac_ct_STRIP=strip
ac_cv_prog_cc_c89=
ac_cv_prog_cc_g=yes
ac_cv_prog_cc_gcc_c_o=yes
ac_cv_prog_make_make_set=yes
ac_cv_search_nanosleep='none required'
ac_cv_sizeof_unsigned_int=4
ac_cv_sizeof_unsigned_long=8
ac_cv_struct_tm=time.h
ac_cv_type_size_t=yes
ac_cv_type_u32=no
am_cv_CC_dependencies_compiler_type=gcc3
am_cv_ar_interface=ar
am_cv_make_support_nested_variables=yes
lt_cv_apple_cc_single_mod=yes
lt_cv_ar_at_file=no
lt_cv_deplibs_check_method=pass_all
lt_cv_file_magic_cmd='$MAGIC_CMD'
lt_cv_file_magic_test_file=
lt_cv_ld_exported_symbols_list=yes
lt_cv_ld_force_load=yes
lt_cv_ld_reload_flag=-r
lt_cv_nm_interface='BSD nm'
lt_cv_objdir=.libs
lt_cv_path_LD=/Applications/Xcode.app/Contents/Developer/Toolchains/XcodeDefault.xctoolchain/usr/bin/ld
lt_cv_path_NM='/usr/bin/nm -B'
lt_cv_path_mainfest_tool=no
lt_cv_prog_compiler_c_o=yes
lt_cv_prog_compiler_pic='-fno-common -DPIC'
lt_cv_prog_compiler_pic_works=yes
lt_cv_prog_compiler_rtti_exceptions=yes
lt_cv_prog_compiler_static_works=no
lt_cv_prog_gnu_ld=no
lt_cv_sharedlib_from_linklib_cmd='printf %s\n'
lt_cv_sys_global_symbol_pipe='sed -n -e '\''s/^.*[	 ]\([BCDEGRST][BCDEGRST]*\)[	 ][	 ]*_\([_A-Za-z][_A-Za-z0-9]*\)$/\1 _\2 \2/p'\'' | sed '\''/ __gnu_lto/d'\'''
lt_cv_sys_global_symbol_to_c_name_address='sed -n -e '\''s/^: \([^ ]*\)[ ]*$/  {\"\1\", (void *) 0},/p'\'' -e '\''s/^[BCDEGRST]* \([^ ]*\) \([^ ]*\)$/  {"\2", (void *) \&\2},/p'\'''
lt_cv_sys_global_symbol_to_c_name_address_lib_prefix='sed -n -e '\''s/^: \([^ ]*\)[ ]*$/  {\"\1\", (void *) 0},/p'\'' -e '\''s/^[BCDEGRST]* \([^ ]*\) \(lib[^ ]*\)$/  {"\2", (void *) \&\2},/p'\'' -e '\''s/^[BCDEGRST]* \([^ ]*\) \([^ ]*\)$/  {"lib\2", (void *) \&\2},/p'\'''
lt_cv_sys_global_symbol_to_cdecl='sed -n -e '\''s/^T .* \(.*\)$/extern int \1();/p'\'' -e '\''s/^[BCDEGRST]* .* \(.*\)$/extern char \1;/p'\'''
lt_cv_sys_max_cmd_len=196608
lt_cv_to_host_file_cmd=func_convert_file_noop
lt_cv_to_tool_file_cmd=func_convert_file_noop

## ----------------- ##
## Output variables. ##
## ----------------- ##

ACLOCAL='${SHELL} /Users/abhijitapte/code/KDTree/KDTree/Tiles/flickcurl-1.26/build/missing --run aclocal-1.11'
AMDEPBACKSLASH='\'
AMDEP_FALSE='#'
AMDEP_TRUE=''
AMTAR='$${TAR-tar}'
AM_BACKSLASH='\'
AM_DEFAULT_V='$(AM_DEFAULT_VERBOSITY)'
AM_DEFAULT_VERBOSITY='1'
AM_V='$(V)'
AR='ar'
AUTOCONF='${SHELL} /Users/abhijitapte/code/KDTree/KDTree/Tiles/flickcurl-1.26/build/missing --run autoconf'
AUTOHEADER='${SHELL} /Users/abhijitapte/code/KDTree/KDTree/Tiles/flickcurl-1.26/build/missing --run autoheader'
AUTOMAKE='${SHELL} /Users/abhijitapte/code/KDTree/KDTree/Tiles/flickcurl-1.26/build/missing --run automake-1.11'
AWK='awk'
CC='gcc'
CCDEPMODE='depmode=gcc3'
CFLAGS=' -I/opt/local/include/libxml2 -g -O2'
CPP='gcc -E'
CPPFLAGS='-DFLICKCURL_INTERNAL=1 '
CURL_CONFIG='curl-config'
CYGPATH_W='echo'
DEFS='-DHAVE_CONFIG_H'
DEPDIR='.deps'
DLLTOOL='false'
DSYMUTIL='dsymutil'
DUMPBIN=''
ECHO='printf %s\n'
ECHO_C='\c'
ECHO_N=''
ECHO_T=''
EGREP='/usr/bin/grep -E'
ENABLE_GTK_DOC_FALSE=''
ENABLE_GTK_DOC_TRUE='#'
EXEEXT=''
FGREP='/usr/bin/grep -F'
FLICKCURL_VERSION_DECIMAL='12600'
GETOPT_FALSE=''
GETOPT_TRUE='#'
GREP='/usr/bin/grep'
GTKDOC_CHECK=''
GTKDOC_DEPS_CFLAGS=''
GTKDOC_DEPS_LIBS=''
GTKDOC_MKPDF=''
GTKDOC_REBASE='true'
GTK_DOC_BUILD_HTML_FALSE='#'
GTK_DOC_BUILD_HTML_TRUE=''
GTK_DOC_BUILD_PDF_FALSE=''
GTK_DOC_BUILD_PDF_TRUE='#'
GTK_DOC_USE_LIBTOOL_FALSE='#'
GTK_DOC_USE_LIBTOOL_TRUE=''
GTK_DOC_USE_REBASE_FALSE='#'
GTK_DOC_USE_REBASE_TRUE=''
HTML_DIR='${datadir}/gtk-doc/html'
INSTALL_DATA='${INSTALL} -m 644'
INSTALL_PROGRAM='${INSTALL}'
INSTALL_SCRIPT='${INSTALL}'
INSTALL_STRIP_PROGRAM='$(install_sh) -c -s'
LD='/Applications/Xcode.app/Contents/Developer/Toolchains/XcodeDefault.xctoolchain/usr/bin/ld'
LDFLAGS=''
LIBCURL_MIN_VERSION='7.10.0'
LIBFLICKCURL_LIBTOOL_VERSION='0:0:0'
LIBOBJS=''
LIBS=' -L/opt/local/lib -lxml2 -lz -lpthread -liconv -lm -lcurl'
LIBTOOL='$(SHELL) $(top_builddir)/libtool'
LIBXML_MIN_VERSION='2.6.8'
LIPO='lipo'
LN_S='ln -s'
LTLIBOBJS=''
MAINT='#'
MAINTAINER_MODE_FALSE=''
MAINTAINER_MODE_TRUE='#'
MAKEINFO='${SHELL} /Users/abhijitapte/code/KDTree/KDTree/Tiles/flickcurl-1.26/build/missing --run makeinfo'
MANIFEST_TOOL=':'
MKDIR_P='build/install-sh -c -d'
NM='/usr/bin/nm -B'
NMEDIT='nmedit'
OBJDUMP='false'
OBJEXT='o'
OFFLINE_FALSE=''
OFFLINE_TRUE='#'
OTOOL64=':'
OTOOL='otool'
PACKAGE='flickcurl'
PACKAGE_BUGREPORT='http://bugs.librdf.org/'
PACKAGE_NAME='Flickcurl'
PACKAGE_STRING='Flickcurl 1.26'
PACKAGE_TARNAME='flickcurl'
PACKAGE_URL=''
PACKAGE_VERSION='1.26'
PATH_SEPARATOR=':'
PKG_CONFIG='/opt/local/bin/pkg-config'
PKG_CONFIG_LIBDIR=''
PKG_CONFIG_PATH=''
PKG_CONFIG_REQUIRES=''
RANLIB='ranlib'
RAPTOR_CFLAGS=''
RAPTOR_FALSE=''
RAPTOR_LIBS=''
RAPTOR_MIN_VERSION='2.0.0'
RAPTOR_TRUE='#'
RECHO='echo'
SED='/usr/bin/sed'
SET_MAKE=''
SHELL='/bin/sh'
STANDARD_CFLAGS='  -I/opt/local/include/libxml2 -g -O2'
STRIP='strip'
VERSION='1.26'
XML_CONFIG='xml2-config'
ac_ct_AR='ar'
ac_ct_CC='gcc'
ac_ct_DUMPBIN=''
am__EXEEXT_FALSE=''
am__EXEEXT_TRUE='#'
am__fastdepCC_FALSE='#'
am__fastdepCC_TRUE=''
am__include='include'
am__isrc=''
am__leading_dot='.'
am__nodep='_no'
am__quote=''
am__tar='$${TAR-tar} chof - "$$tardir"'
am__untar='$${TAR-tar} xf -'
bindir='${exec_prefix}/bin'
build='x86_64-apple-darwin15.4.0'
build_alias=''
build_cpu='x86_64'
build_os='darwin15.4.0'
build_vendor='apple'
datadir='${datarootdir}'
datarootdir='${prefix}/share'
docdir='${datarootdir}/doc/${PACKAGE_TARNAME}'
dvidir='${docdir}'
exec_prefix='${prefix}'
host='x86_64-apple-darwin15.4.0'
host_alias=''
host_cpu='x86_64'
host_os='darwin15.4.0'
host_vendor='apple'
htmldir='${docdir}'
includedir='${prefix}/include'
infodir='${datarootdir}/info'
install_sh='${SHELL} /Users/abhijitapte/code/KDTree/KDTree/Tiles/flickcurl-1.26/build/install-sh'
libdir='${exec_prefix}/lib'
libexecdir='${exec_prefix}/libexec'
localedir='${datarootdir}/locale'
localstatedir='${prefix}/var'
mandir='${datarootdir}/man'
mkdir_p='$(top_builddir)/build/install-sh -c -d'
oldincludedir='/usr/include'
pdfdir='${docdir}'
prefix='/usr/local'
program_transform_name='s,x,x,'
psdir='${docdir}'
sbindir='${exec_prefix}/sbin'
sharedstatedir='${prefix}/com'
sysconfdir='${prefix}/etc'
target_alias=''

## ----------- ##
## confdefs.h. ##
## ----------- ##

/* confdefs.h */
#define PACKAGE_NAME "Flickcurl"
#define PACKAGE_TARNAME "flickcurl"
#define PACKAGE_VERSION "1.26"
#define PACKAGE_STRING "Flickcurl 1.26"
#define PACKAGE_BUGREPORT "http://bugs.librdf.org/"
#define PACKAGE_URL ""
#define PACKAGE "flickcurl"
#define VERSION "1.26"
#define FLICKCURL_VERSION_DECIMAL 12600
#define STDC_HEADERS 1
#define HAVE_SYS_TYPES_H 1
#define HAVE_SYS_STAT_H 1
#define HAVE_STDLIB_H 1
#define HAVE_STRING_H 1
#define HAVE_MEMORY_H 1
#define HAVE_STRINGS_H 1
#define HAVE_INTTYPES_H 1
#define HAVE_STDINT_H 1
#define HAVE_UNISTD_H 1
#define HAVE_DLFCN_H 1
#define LT_OBJDIR ".libs/"
#define STDC_HEADERS 1
#define HAVE_ERRNO_H 1
#define HAVE_GETOPT_H 1
#define HAVE_STDLIB_H 1
#define HAVE_STDINT_H 1
#define HAVE_TIME_H 1
#define HAVE_STRING_H 1
#define HAVE_UNISTD_H 1
#define TIME_WITH_SYS_TIME 1
#define SIZEOF_UNSIGNED_INT 4
#define SIZEOF_UNSIGNED_LONG 8
#define HAVE_STDLIB_H 1
#define HAVE_MALLOC 1
#define HAVE_STDLIB_H 1
#define HAVE_REALLOC 1
#define HAVE_STRFTIME 1
#define HAVE_VPRINTF 1
#define HAVE_GETOPT 1
#define HAVE_GETOPT_LONG 1
#define HAVE_GETTIMEOFDAY 1
#define HAVE_MEMSET 1
#define HAVE_STRDUP 1
#define HAVE_USLEEP 1
#define HAVE_VSNPRINTF 1
#define HAVE_NANOSLEEP 1
#define HAVE_C99_VSNPRINTF 1

configure: exit 0
